INFO:root:BEGINNING NEW REGION
INFO:root:http://losangeles.craigslist.org/search/roo
INFO:root:http://losangeles.craigslist.org/lac/roo/6063828377.html
INFO:root:http://losangeles.craigslist.org/wst/roo/6039647132.html
INFO:root:http://losangeles.craigslist.org/sgv/roo/6048635884.html
INFO:root:http://losangeles.craigslist.org/lac/roo/6040954369.html
INFO:root:http://losangeles.craigslist.org/wst/roo/6056737992.html
INFO:root:http://losangeles.craigslist.org/sfv/roo/6066868880.html
INFO:root:http://losangeles.craigslist.org/lac/roo/6062410482.html
INFO:root:http://losangeles.craigslist.org/lac/roo/6048746475.html
INFO:root:http://losangeles.craigslist.org/lac/roo/6066857248.html
INFO:root:http://losangeles.craigslist.org/wst/roo/6066862075.html
INFO:root:http://losangeles.craigslist.org/sgv/roo/6066862035.html
INFO:root:http://losangeles.craigslist.org/wst/roo/6066681145.html
INFO:root:http://losangeles.craigslist.org/sfv/roo/6063244992.html
INFO:root:http://losangeles.craigslist.org/wst/roo/6066790199.html
INFO:root:http://losangeles.craigslist.org/wst/roo/6066683161.html
INFO:root:http://losangeles.craigslist.org/sfv/roo/6066842050.html
INFO:root:http://losangeles.craigslist.org/lac/roo/6028652464.html
INFO:root:http://losangeles.craigslist.org/wst/roo/6066859265.html
INFO:root:http://losangeles.craigslist.org/lac/roo/6066824786.html
INFO:root:http://losangeles.craigslist.org/wst/roo/6066835586.html
INFO:root:http://losangeles.craigslist.org/wst/roo/6066856078.html
INFO:root:http://losangeles.craigslist.org/lac/roo/6066774931.html
INFO:root:http://losangeles.craigslist.org/wst/roo/6057300246.html
INFO:root:http://losangeles.craigslist.org/wst/roo/6066684058.html
INFO:root:http://losangeles.craigslist.org/wst/roo/6066837644.html
INFO:root:http://losangeles.craigslist.org/ant/roo/6066833073.html
INFO:root:http://losangeles.craigslist.org/wst/roo/6066845712.html
INFO:root:http://losangeles.craigslist.org/lgb/roo/6066816693.html
INFO:root:http://losangeles.craigslist.org/sgv/roo/6061746686.html
INFO:root:http://losangeles.craigslist.org/sgv/roo/6061745030.html
INFO:root:http://losangeles.craigslist.org/lgb/roo/6066842061.html
INFO:root:http://losangeles.craigslist.org/ant/roo/6066824972.html
INFO:root:http://losangeles.craigslist.org/wst/roo/6066831140.html
INFO:root:http://losangeles.craigslist.org/sfv/roo/6066809215.html
INFO:root:http://losangeles.craigslist.org/sfv/roo/6059529600.html
INFO:root:http://losangeles.craigslist.org/sgv/roo/6045912158.html
INFO:root:http://losangeles.craigslist.org/sgv/roo/6052534862.html
INFO:root:http://losangeles.craigslist.org/ant/roo/6066824403.html
INFO:root:http://losangeles.craigslist.org/sfv/roo/6059545463.html
INFO:root:http://losangeles.craigslist.org/sfv/roo/6060483260.html
INFO:root:http://losangeles.craigslist.org/ant/roo/6066823319.html
INFO:root:http://losangeles.craigslist.org/sfv/roo/6066822555.html
INFO:root:http://losangeles.craigslist.org/sfv/roo/6049272194.html
INFO:root:http://losangeles.craigslist.org/wst/roo/6066836588.html
INFO:root:http://losangeles.craigslist.org/wst/roo/6066827949.html
INFO:root:http://losangeles.craigslist.org/sfv/roo/6060482557.html
INFO:root:http://losangeles.craigslist.org/wst/roo/6066833953.html
INFO:root:http://losangeles.craigslist.org/wst/roo/6066685000.html
INFO:root:http://losangeles.craigslist.org/sfv/roo/6055978900.html
INFO:root:http://losangeles.craigslist.org/lac/roo/6062437633.html
INFO:root:http://losangeles.craigslist.org/wst/roo/6066793833.html
INFO:root:http://losangeles.craigslist.org/sfv/roo/6058343113.html
INFO:root:http://losangeles.craigslist.org/lac/roo/6063202071.html
INFO:root:http://losangeles.craigslist.org/sfv/roo/6058342496.html
INFO:root:http://losangeles.craigslist.org/wst/roo/6066771010.html
INFO:root:http://losangeles.craigslist.org/lgb/roo/6066791416.html
INFO:root:http://losangeles.craigslist.org/sfv/roo/6059844254.html
INFO:root:http://losangeles.craigslist.org/wst/roo/6058342502.html
INFO:root:http://losangeles.craigslist.org/lac/roo/6060784658.html
INFO:root:http://losangeles.craigslist.org/sfv/roo/6059516271.html
INFO:root:http://losangeles.craigslist.org/sgv/roo/6066822547.html
INFO:root:http://losangeles.craigslist.org/ant/roo/6066821936.html
INFO:root:http://losangeles.craigslist.org/lac/roo/6066790950.html
INFO:root:http://losangeles.craigslist.org/wst/roo/6065785248.html
INFO:root:http://losangeles.craigslist.org/lac/roo/6066819628.html
INFO:root:http://losangeles.craigslist.org/wst/roo/6058244616.html
INFO:root:http://losangeles.craigslist.org/sgv/roo/6066808705.html
INFO:root:http://losangeles.craigslist.org/wst/roo/6066818451.html
INFO:root:http://losangeles.craigslist.org/sfv/roo/6066800645.html
INFO:root:http://losangeles.craigslist.org/lac/roo/6055196162.html
INFO:root:http://losangeles.craigslist.org/lac/roo/6066785760.html
INFO:root:http://losangeles.craigslist.org/wst/roo/6066778216.html
INFO:root:http://losangeles.craigslist.org/lac/roo/6066809381.html
INFO:root:http://losangeles.craigslist.org/sfv/roo/6066807783.html
INFO:root:http://losangeles.craigslist.org/lac/roo/6063892115.html
INFO:root:http://losangeles.craigslist.org/sgv/roo/6066791818.html
INFO:root:http://losangeles.craigslist.org/lac/roo/6048770113.html
INFO:root:http://losangeles.craigslist.org/sfv/roo/6066795712.html
INFO:root:http://losangeles.craigslist.org/sfv/roo/6047117536.html
INFO:root:http://losangeles.craigslist.org/wst/roo/6066800828.html
INFO:root:http://losangeles.craigslist.org/sgv/roo/6066800572.html
INFO:root:http://losangeles.craigslist.org/wst/roo/6066783188.html
INFO:root:http://losangeles.craigslist.org/sfv/roo/6066787643.html
INFO:root:http://losangeles.craigslist.org/sfv/roo/6066796898.html
INFO:root:http://losangeles.craigslist.org/wst/roo/6066788506.html
INFO:root:http://losangeles.craigslist.org/wst/roo/6066785793.html
INFO:root:http://losangeles.craigslist.org/sfv/roo/6066786494.html
INFO:root:http://losangeles.craigslist.org/sfv/roo/6043409449.html
INFO:root:http://losangeles.craigslist.org/sfv/roo/6066769362.html
INFO:root:http://losangeles.craigslist.org/lac/roo/6066794070.html
INFO:root:http://losangeles.craigslist.org/sgv/roo/6066785217.html
INFO:root:http://losangeles.craigslist.org/wst/roo/6066782826.html
INFO:root:http://losangeles.craigslist.org/lgb/roo/6066790980.html
INFO:root:http://losangeles.craigslist.org/wst/roo/6066790742.html
INFO:root:http://losangeles.craigslist.org/lac/roo/6066730413.html
INFO:root:http://losangeles.craigslist.org/sfv/roo/6066790565.html
INFO:root:http://losangeles.craigslist.org/lgb/roo/6063879981.html
INFO:root:http://losangeles.craigslist.org/sfv/roo/6066771436.html
INFO:root:http://losangeles.craigslist.org/wst/roo/6048605646.html
INFO:root:http://losangeles.craigslist.org/sfv/roo/6048605793.html
INFO:root:http://losangeles.craigslist.org/sfv/roo/6066774509.html
INFO:root:http://losangeles.craigslist.org/wst/roo/6035274123.html
INFO:root:http://losangeles.craigslist.org/sfv/roo/6066785185.html
INFO:root:http://losangeles.craigslist.org/wst/roo/6062367581.html
INFO:root:http://losangeles.craigslist.org/wst/roo/6061536478.html
INFO:root:http://losangeles.craigslist.org/wst/roo/6066783796.html
INFO:root:http://losangeles.craigslist.org/lac/roo/6052440876.html
INFO:root:http://losangeles.craigslist.org/lac/roo/6066717526.html
INFO:root:http://losangeles.craigslist.org/lgb/roo/6026158223.html
INFO:root:http://losangeles.craigslist.org/sfv/roo/6056822561.html
INFO:root:http://losangeles.craigslist.org/sgv/roo/6066774665.html
INFO:root:http://losangeles.craigslist.org/sfv/roo/6066772883.html
INFO:root:http://losangeles.craigslist.org/sfv/roo/6058105406.html
INFO:root:http://losangeles.craigslist.org/lac/roo/6066771238.html
INFO:root:http://losangeles.craigslist.org/sfv/roo/6063533810.html
INFO:root:http://losangeles.craigslist.org/sfv/roo/6034156677.html
INFO:root:http://losangeles.craigslist.org/sgv/roo/6066690563.html
INFO:root:http://losangeles.craigslist.org/lac/roo/6066766282.html
INFO:root:http://losangeles.craigslist.org/wst/roo/6066762981.html
INFO:root:http://losangeles.craigslist.org/wst/roo/6063067203.html
INFO:root:http://losangeles.craigslist.org/search/roo?s=120
INFO:root:http://losangeles.craigslist.org/wst/roo/6066790742.html
INFO:root:http://losangeles.craigslist.org/lac/roo/6066730413.html
INFO:root:http://losangeles.craigslist.org/sfv/roo/6066790565.html
INFO:root:http://losangeles.craigslist.org/lgb/roo/6063879981.html
INFO:root:http://losangeles.craigslist.org/sfv/roo/6066771436.html
INFO:root:http://losangeles.craigslist.org/wst/roo/6048605646.html
INFO:root:http://losangeles.craigslist.org/sfv/roo/6048605793.html
INFO:root:http://losangeles.craigslist.org/sfv/roo/6066774509.html
INFO:root:http://losangeles.craigslist.org/wst/roo/6035274123.html
INFO:root:http://losangeles.craigslist.org/sfv/roo/6066785185.html
INFO:root:http://losangeles.craigslist.org/wst/roo/6062367581.html
INFO:root:http://losangeles.craigslist.org/wst/roo/6061536478.html
INFO:root:http://losangeles.craigslist.org/wst/roo/6066783796.html
INFO:root:http://losangeles.craigslist.org/lac/roo/6052440876.html
INFO:root:http://losangeles.craigslist.org/lac/roo/6066717526.html
INFO:root:http://losangeles.craigslist.org/lgb/roo/6026158223.html
