INFO:root:BEGINNING NEW REGION
INFO:root:http://sfbay.craigslist.org/search/roo
INFO:root:BEGINNING NEW REGION
INFO:root:http://losangeles.craigslist.org/search/roo
INFO:root:http://sfbay.craigslist.org/eby/roo/6082764174.html
INFO:root:http://losangeles.craigslist.org/lgb/roo/6091079271.html
INFO:root:http://losangeles.craigslist.org/lac/roo/6091095763.html
INFO:root:http://sfbay.craigslist.org/scz/roo/6091103307.html
INFO:root:http://sfbay.craigslist.org/sby/roo/6091102963.html
INFO:root:http://losangeles.craigslist.org/lgb/roo/6091079415.html
INFO:root:http://sfbay.craigslist.org/sby/roo/6088666951.html
INFO:root:http://sfbay.craigslist.org/sby/roo/6091079535.html
INFO:root:http://losangeles.craigslist.org/wst/roo/6088473891.html
INFO:root:http://sfbay.craigslist.org/eby/roo/6091091114.html
INFO:root:http://losangeles.craigslist.org/wst/roo/6088472271.html
INFO:root:http://sfbay.craigslist.org/sfc/roo/6091100497.html
INFO:root:http://sfbay.craigslist.org/sfc/roo/6091099253.html
INFO:root:http://losangeles.craigslist.org/lac/roo/6060126239.html
INFO:root:http://losangeles.craigslist.org/wst/roo/6091094352.html
INFO:root:http://sfbay.craigslist.org/pen/roo/6065395756.html
INFO:root:http://losangeles.craigslist.org/wst/roo/6082910766.html
INFO:root:http://losangeles.craigslist.org/lac/roo/6091078078.html
INFO:root:http://sfbay.craigslist.org/sby/roo/6091097782.html
INFO:root:http://sfbay.craigslist.org/pen/roo/6091096628.html
INFO:root:http://losangeles.craigslist.org/lac/roo/6091084616.html
INFO:root:http://sfbay.craigslist.org/sby/roo/6091096231.html
INFO:root:http://sfbay.craigslist.org/pen/roo/6091095233.html
INFO:root:http://losangeles.craigslist.org/lac/roo/6091075099.html
INFO:root:http://sfbay.craigslist.org/nby/roo/6091095125.html
INFO:root:http://losangeles.craigslist.org/sfv/roo/6091084216.html
INFO:root:http://sfbay.craigslist.org/sfc/roo/6088293952.html
INFO:root:http://losangeles.craigslist.org/wst/roo/6091073426.html
INFO:root:http://sfbay.craigslist.org/sby/roo/6091092779.html
INFO:root:http://losangeles.craigslist.org/sfv/roo/6079057229.html
INFO:root:http://sfbay.craigslist.org/sby/roo/6091085032.html
INFO:root:http://losangeles.craigslist.org/lgb/roo/6091087654.html
INFO:root:http://losangeles.craigslist.org/lac/roo/6066423698.html
INFO:root:http://sfbay.craigslist.org/pen/roo/6076200753.html
INFO:root:http://losangeles.craigslist.org/lac/roo/6088001382.html
INFO:root:http://sfbay.craigslist.org/sfc/roo/6091083424.html
INFO:root:http://losangeles.craigslist.org/lac/roo/6088003437.html
INFO:root:http://sfbay.craigslist.org/eby/roo/6086105841.html
INFO:root:http://losangeles.craigslist.org/lac/roo/6088004627.html
INFO:root:http://losangeles.craigslist.org/lac/roo/6072905028.html
INFO:root:http://losangeles.craigslist.org/wst/roo/6091083081.html
INFO:root:http://sfbay.craigslist.org/sby/roo/6091090980.html
INFO:root:http://losangeles.craigslist.org/lac/roo/6091064365.html
INFO:root:http://losangeles.craigslist.org/lac/roo/6091072000.html
INFO:root:http://losangeles.craigslist.org/sgv/roo/6087446665.html
INFO:root:http://sfbay.craigslist.org/sby/roo/6091088577.html
INFO:root:http://sfbay.craigslist.org/sby/roo/6091082588.html
INFO:root:http://losangeles.craigslist.org/sfv/roo/6091080290.html
INFO:root:http://sfbay.craigslist.org/sfc/roo/6091082506.html
INFO:root:http://losangeles.craigslist.org/lac/roo/6091070414.html
INFO:root:http://losangeles.craigslist.org/lac/roo/6065537960.html
INFO:root:http://sfbay.craigslist.org/pen/roo/6091077163.html
INFO:root:http://losangeles.craigslist.org/sgv/roo/6088530091.html
INFO:root:http://sfbay.craigslist.org/sfc/roo/6091081497.html
INFO:root:http://losangeles.craigslist.org/sgv/roo/6088568148.html
INFO:root:http://sfbay.craigslist.org/sby/roo/6091080524.html
INFO:root:http://losangeles.craigslist.org/lac/roo/6091066965.html
INFO:root:http://sfbay.craigslist.org/pen/roo/6082774867.html
INFO:root:http://losangeles.craigslist.org/sgv/roo/6088582331.html
INFO:root:http://sfbay.craigslist.org/pen/roo/6080980838.html
INFO:root:http://losangeles.craigslist.org/sgv/roo/6088591290.html
INFO:root:http://sfbay.craigslist.org/sby/roo/6091078232.html
INFO:root:http://sfbay.craigslist.org/eby/roo/6091077489.html
INFO:root:http://sfbay.craigslist.org/sfc/roo/6091077037.html
INFO:root:http://losangeles.craigslist.org/sgv/roo/6088602937.html
INFO:root:http://losangeles.craigslist.org/sgv/roo/6090225015.html
INFO:root:http://losangeles.craigslist.org/lgb/roo/6091075146.html
INFO:root:http://sfbay.craigslist.org/sby/roo/6091075966.html
INFO:root:http://sfbay.craigslist.org/eby/roo/6091056715.html
INFO:root:http://sfbay.craigslist.org/sfc/roo/6091074826.html
INFO:root:http://sfbay.craigslist.org/sfc/roo/6091073411.html
INFO:root:http://losangeles.craigslist.org/sfv/roo/6091068697.html
INFO:root:http://sfbay.craigslist.org/eby/roo/6091073262.html
INFO:root:http://losangeles.craigslist.org/lac/roo/6091069552.html
INFO:root:http://sfbay.craigslist.org/eby/roo/6091055711.html
INFO:root:http://losangeles.craigslist.org/ant/roo/6091070532.html
INFO:root:http://sfbay.craigslist.org/sby/roo/6091073064.html
INFO:root:http://losangeles.craigslist.org/wst/roo/6081682700.html
INFO:root:http://sfbay.craigslist.org/sfc/roo/6087593133.html
INFO:root:http://losangeles.craigslist.org/sfv/roo/6091068553.html
WARNING:root:ReadTimeout: HTTPSConnectionPool(host='sfbay.craigslist.org', port=443): Read timed out. (read timeout=30). Probably no beds/sqft info
INFO:root:http://sfbay.craigslist.org/sfc/roo/6051251545.html
INFO:root:http://losangeles.craigslist.org/sgv/roo/6091060140.html
INFO:root:http://losangeles.craigslist.org/sgv/roo/6091059604.html
INFO:root:http://losangeles.craigslist.org/lac/roo/6091008983.html
INFO:root:http://losangeles.craigslist.org/wst/roo/6076824368.html
INFO:root:http://sfbay.craigslist.org/sby/roo/6091068972.html
INFO:root:http://losangeles.craigslist.org/lgb/roo/6091064128.html
INFO:root:http://sfbay.craigslist.org/sfc/roo/6091061393.html
INFO:root:http://losangeles.craigslist.org/ant/roo/6082331414.html
INFO:root:http://sfbay.craigslist.org/eby/roo/6091060269.html
INFO:root:http://sfbay.craigslist.org/sby/roo/6067449183.html
INFO:root:http://losangeles.craigslist.org/lac/roo/6091061208.html
INFO:root:http://sfbay.craigslist.org/sby/roo/6067447902.html
INFO:root:http://losangeles.craigslist.org/sfv/roo/6065870844.html
INFO:root:http://sfbay.craigslist.org/sby/roo/6067448618.html
INFO:root:http://losangeles.craigslist.org/sgv/roo/6074429157.html
INFO:root:http://sfbay.craigslist.org/sby/roo/6067448898.html
INFO:root:http://losangeles.craigslist.org/sgv/roo/6074429843.html
INFO:root:http://sfbay.craigslist.org/sby/roo/6070839778.html
INFO:root:http://losangeles.craigslist.org/sfv/roo/6079070823.html
INFO:root:http://sfbay.craigslist.org/eby/roo/6091064743.html
INFO:root:REACHED TIMESTAMP CUTOFF
INFO:root:FAILED TO WRITE 0.0% OF LOSANGELES PIDS:
INFO:root:http://sfbay.craigslist.org/sfc/roo/6091054116.html
INFO:root:http://sfbay.craigslist.org/sby/roo/6091051962.html
INFO:root:http://sfbay.craigslist.org/eby/roo/6071483173.html
INFO:root:http://sfbay.craigslist.org/eby/roo/6091053920.html
INFO:root:http://sfbay.craigslist.org/eby/roo/6091053671.html
INFO:root:http://sfbay.craigslist.org/eby/roo/6091054255.html
INFO:root:http://sfbay.craigslist.org/sby/roo/6091060391.html
INFO:root:http://sfbay.craigslist.org/eby/roo/6082448859.html
INFO:root:http://sfbay.craigslist.org/sby/roo/6091059446.html
INFO:root:http://sfbay.craigslist.org/sfc/roo/6065510603.html
INFO:root:REACHED TIMESTAMP CUTOFF
INFO:root:FAILED TO WRITE 0.0% OF SFBAY PIDS:
