INFO:root:BEGINNING NEW REGION
INFO:root:http://sfbay.craigslist.org/search/roo
INFO:root:BEGINNING NEW REGION
INFO:root:http://losangeles.craigslist.org/search/roo
INFO:root:http://losangeles.craigslist.org/wst/roo/6091158100.html
INFO:root:http://sfbay.craigslist.org/eby/roo/6087134082.html
INFO:root:http://sfbay.craigslist.org/sby/roo/6069896621.html
INFO:root:http://losangeles.craigslist.org/lac/roo/6091155112.html
INFO:root:http://sfbay.craigslist.org/sfc/roo/6091171801.html
INFO:root:http://losangeles.craigslist.org/wst/roo/6091156868.html
INFO:root:http://sfbay.craigslist.org/sfc/roo/6075501865.html
INFO:root:http://losangeles.craigslist.org/sfv/roo/6091162428.html
INFO:root:http://sfbay.craigslist.org/sby/roo/6081024735.html
INFO:root:http://losangeles.craigslist.org/lac/roo/6051726522.html
INFO:root:http://sfbay.craigslist.org/pen/roo/6091161984.html
INFO:root:http://sfbay.craigslist.org/sfc/roo/6091168970.html
INFO:root:http://losangeles.craigslist.org/wst/roo/6091145392.html
INFO:root:http://sfbay.craigslist.org/eby/roo/6091167739.html
INFO:root:http://losangeles.craigslist.org/lac/roo/6083423960.html
INFO:root:http://sfbay.craigslist.org/sby/roo/6084481027.html
INFO:root:http://losangeles.craigslist.org/lac/roo/6077376635.html
INFO:root:http://sfbay.craigslist.org/pen/roo/6091159459.html
INFO:root:http://losangeles.craigslist.org/sgv/roo/6091153133.html
INFO:root:http://losangeles.craigslist.org/wst/roo/6088515115.html
INFO:root:http://sfbay.craigslist.org/sfc/roo/6086285251.html
INFO:root:http://sfbay.craigslist.org/sfc/roo/6091163349.html
INFO:root:http://losangeles.craigslist.org/sfv/roo/6091144581.html
INFO:root:http://losangeles.craigslist.org/lac/roo/6091143915.html
INFO:root:http://sfbay.craigslist.org/eby/roo/6091163254.html
INFO:root:http://losangeles.craigslist.org/lgb/roo/6091142454.html
INFO:root:http://sfbay.craigslist.org/nby/roo/6088500786.html
INFO:root:http://losangeles.craigslist.org/sfv/roo/6082294418.html
INFO:root:http://sfbay.craigslist.org/sby/roo/6091162138.html
INFO:root:http://losangeles.craigslist.org/lac/roo/6072746651.html
INFO:root:http://losangeles.craigslist.org/lac/roo/6065456137.html
INFO:root:http://sfbay.craigslist.org/sfc/roo/6062832094.html
INFO:root:http://losangeles.craigslist.org/sgv/roo/6065705658.html
INFO:root:http://sfbay.craigslist.org/eby/roo/6087036459.html
INFO:root:http://losangeles.craigslist.org/sgv/roo/6091111763.html
INFO:root:http://sfbay.craigslist.org/eby/roo/6091148745.html
INFO:root:http://sfbay.craigslist.org/eby/roo/6087037023.html
INFO:root:http://losangeles.craigslist.org/lac/roo/6084283494.html
INFO:root:REACHED TIMESTAMP CUTOFF
INFO:root:FAILED TO WRITE 0.0% OF LOSANGELES PIDS:
INFO:root:http://sfbay.craigslist.org/sby/roo/6091159586.html
INFO:root:http://sfbay.craigslist.org/sfc/roo/6091159282.html
INFO:root:http://sfbay.craigslist.org/sby/roo/6056165259.html
INFO:root:http://sfbay.craigslist.org/eby/roo/6080220108.html
INFO:root:http://sfbay.craigslist.org/sby/roo/6084898165.html
INFO:root:http://sfbay.craigslist.org/eby/roo/6081298590.html
INFO:root:http://sfbay.craigslist.org/eby/roo/6091155560.html
INFO:root:http://sfbay.craigslist.org/sby/roo/6091154925.html
INFO:root:http://sfbay.craigslist.org/sfc/roo/6084886369.html
INFO:root:http://sfbay.craigslist.org/sfc/roo/6084886572.html
INFO:root:http://sfbay.craigslist.org/eby/roo/6091151569.html
INFO:root:http://sfbay.craigslist.org/sby/roo/6059360849.html
INFO:root:http://sfbay.craigslist.org/sfc/roo/6091150808.html
INFO:root:http://sfbay.craigslist.org/sfc/roo/6091150256.html
INFO:root:http://sfbay.craigslist.org/eby/roo/6091150158.html
INFO:root:http://sfbay.craigslist.org/pen/roo/6091112182.html
INFO:root:http://sfbay.craigslist.org/eby/roo/6091149409.html
INFO:root:http://sfbay.craigslist.org/eby/roo/6091149280.html
INFO:root:http://sfbay.craigslist.org/sfc/roo/6091149062.html
INFO:root:http://sfbay.craigslist.org/sfc/roo/6091148764.html
INFO:root:http://sfbay.craigslist.org/eby/roo/6091147909.html
INFO:root:http://sfbay.craigslist.org/pen/roo/6086004764.html
INFO:root:http://sfbay.craigslist.org/sfc/roo/6064074841.html
INFO:root:http://sfbay.craigslist.org/eby/roo/6076251698.html
INFO:root:http://sfbay.craigslist.org/sby/roo/6091146619.html
INFO:root:http://sfbay.craigslist.org/pen/roo/6091146230.html
INFO:root:http://sfbay.craigslist.org/sfc/roo/6091134732.html
INFO:root:http://sfbay.craigslist.org/sby/roo/6063316133.html
INFO:root:http://sfbay.craigslist.org/pen/roo/6091132481.html
INFO:root:http://sfbay.craigslist.org/pen/roo/6091137949.html
INFO:root:http://sfbay.craigslist.org/nby/roo/6077280851.html
INFO:root:http://sfbay.craigslist.org/eby/roo/6088327909.html
INFO:root:http://sfbay.craigslist.org/sfc/roo/6091142577.html
INFO:root:http://sfbay.craigslist.org/sby/roo/6091134530.html
INFO:root:http://sfbay.craigslist.org/nby/roo/6060637668.html
INFO:root:http://sfbay.craigslist.org/nby/roo/6083414384.html
INFO:root:http://sfbay.craigslist.org/eby/roo/6091140461.html
INFO:root:http://sfbay.craigslist.org/pen/roo/6091123899.html
INFO:root:http://sfbay.craigslist.org/sfc/roo/6087395904.html
INFO:root:http://sfbay.craigslist.org/eby/roo/6091137087.html
INFO:root:http://sfbay.craigslist.org/eby/roo/6091136586.html
INFO:root:http://sfbay.craigslist.org/sfc/roo/6091131876.html
INFO:root:http://sfbay.craigslist.org/eby/roo/6076181978.html
INFO:root:http://sfbay.craigslist.org/nby/roo/6091128837.html
INFO:root:http://sfbay.craigslist.org/sby/roo/6091135969.html
INFO:root:http://sfbay.craigslist.org/sby/roo/6091135447.html
INFO:root:http://sfbay.craigslist.org/sfc/roo/6091122954.html
INFO:root:http://sfbay.craigslist.org/eby/roo/6091122707.html
INFO:root:http://sfbay.craigslist.org/sfc/roo/6088514316.html
INFO:root:REACHED TIMESTAMP CUTOFF
INFO:root:FAILED TO WRITE 0.0% OF SFBAY PIDS:
