INFO:root:BEGINNING NEW REGION
INFO:root:http://sfbay.craigslist.org/search/roo
INFO:root:BEGINNING NEW REGION
INFO:root:http://losangeles.craigslist.org/search/roo
INFO:root:http://sfbay.craigslist.org/sfc/roo/6076980350.html
INFO:root:http://losangeles.craigslist.org/sgv/roo/6091124909.html
INFO:root:http://losangeles.craigslist.org/sfv/roo/6081507908.html
INFO:root:http://sfbay.craigslist.org/sfc/roo/6076987175.html
INFO:root:http://sfbay.craigslist.org/sfc/roo/6074870331.html
INFO:root:http://losangeles.craigslist.org/sfv/roo/6065836587.html
INFO:root:http://losangeles.craigslist.org/wst/roo/6087155367.html
INFO:root:http://sfbay.craigslist.org/sfc/roo/6074868530.html
INFO:root:http://losangeles.craigslist.org/sgv/roo/6091115281.html
INFO:root:http://sfbay.craigslist.org/eby/roo/6087703286.html
INFO:root:http://sfbay.craigslist.org/sfc/roo/6079857883.html
INFO:root:http://losangeles.craigslist.org/sfv/roo/6082635772.html
INFO:root:http://sfbay.craigslist.org/eby/roo/6091094424.html
INFO:root:http://losangeles.craigslist.org/sfv/roo/6072436980.html
INFO:root:http://sfbay.craigslist.org/pen/roo/6091112182.html
INFO:root:http://losangeles.craigslist.org/lac/roo/6088662457.html
INFO:root:http://sfbay.craigslist.org/sby/roo/6091111957.html
INFO:root:http://losangeles.craigslist.org/ant/roo/6091117329.html
INFO:root:http://losangeles.craigslist.org/sgv/roo/6091117029.html
INFO:root:http://sfbay.craigslist.org/eby/roo/6091111771.html
INFO:root:http://losangeles.craigslist.org/wst/roo/6087167300.html
INFO:root:http://sfbay.craigslist.org/pen/roo/6091111325.html
INFO:root:http://losangeles.craigslist.org/lac/roo/6064628794.html
INFO:root:http://losangeles.craigslist.org/sgv/roo/6091114741.html
INFO:root:http://losangeles.craigslist.org/lac/roo/6091042477.html
INFO:root:http://losangeles.craigslist.org/sgv/roo/6091114452.html
INFO:root:http://sfbay.craigslist.org/eby/roo/6091111281.html
INFO:root:http://sfbay.craigslist.org/eby/roo/6091111132.html
INFO:root:http://sfbay.craigslist.org/eby/roo/6091110938.html
INFO:root:http://sfbay.craigslist.org/eby/roo/6091110795.html
INFO:root:http://losangeles.craigslist.org/sgv/roo/6091114061.html
INFO:root:http://sfbay.craigslist.org/sfc/roo/6091104249.html
INFO:root:http://sfbay.craigslist.org/eby/roo/6091110629.html
INFO:root:http://losangeles.craigslist.org/wst/roo/6091099613.html
INFO:root:http://sfbay.craigslist.org/sby/roo/6091092554.html
INFO:root:http://losangeles.craigslist.org/sfv/roo/6077129152.html
INFO:root:http://losangeles.craigslist.org/wst/roo/6091111637.html
INFO:root:http://sfbay.craigslist.org/sby/roo/6084538565.html
INFO:root:http://sfbay.craigslist.org/sby/roo/6062092341.html
INFO:root:http://sfbay.craigslist.org/sby/roo/6051150572.html
INFO:root:http://sfbay.craigslist.org/sfc/roo/6091108981.html
INFO:root:http://losangeles.craigslist.org/wst/roo/6091111573.html
INFO:root:http://sfbay.craigslist.org/eby/roo/6073244029.html
INFO:root:http://losangeles.craigslist.org/sfv/roo/6091110623.html
INFO:root:http://sfbay.craigslist.org/pen/roo/6091095660.html
INFO:root:http://losangeles.craigslist.org/lac/roo/6083057865.html
INFO:root:http://sfbay.craigslist.org/sfc/roo/6091108149.html
INFO:root:http://sfbay.craigslist.org/sfc/roo/6071774340.html
INFO:root:http://losangeles.craigslist.org/lac/roo/6072941272.html
INFO:root:http://sfbay.craigslist.org/sby/roo/6091107262.html
INFO:root:http://sfbay.craigslist.org/eby/roo/6091105651.html
INFO:root:http://losangeles.craigslist.org/wst/roo/6091109400.html
INFO:root:http://sfbay.craigslist.org/sfc/roo/6091100946.html
INFO:root:http://losangeles.craigslist.org/lac/roo/6082641278.html
INFO:root:http://sfbay.craigslist.org/eby/roo/6072377929.html
INFO:root:http://losangeles.craigslist.org/sgv/roo/6091101722.html
INFO:root:http://sfbay.craigslist.org/eby/roo/6082764174.html
INFO:root:http://sfbay.craigslist.org/scz/roo/6091103307.html
INFO:root:http://losangeles.craigslist.org/lac/roo/6077713805.html
INFO:root:http://losangeles.craigslist.org/lac/roo/6091100080.html
INFO:root:http://sfbay.craigslist.org/sby/roo/6091102963.html
INFO:root:http://losangeles.craigslist.org/ant/roo/6074811837.html
INFO:root:http://sfbay.craigslist.org/sby/roo/6088666951.html
INFO:root:http://losangeles.craigslist.org/sfv/roo/6091105303.html
INFO:root:http://sfbay.craigslist.org/sby/roo/6091079535.html
INFO:root:http://losangeles.craigslist.org/wst/roo/6073085248.html
INFO:root:http://losangeles.craigslist.org/lac/roo/6081762314.html
INFO:root:http://sfbay.craigslist.org/eby/roo/6091091114.html
INFO:root:http://losangeles.craigslist.org/sgv/roo/6091104496.html
INFO:root:http://sfbay.craigslist.org/sfc/roo/6091100497.html
INFO:root:http://losangeles.craigslist.org/wst/roo/6091103578.html
INFO:root:http://sfbay.craigslist.org/sfc/roo/6091099253.html
INFO:root:http://losangeles.craigslist.org/lac/roo/6081761594.html
INFO:root:http://losangeles.craigslist.org/sfv/roo/6091101153.html
INFO:root:http://sfbay.craigslist.org/pen/roo/6065395756.html
INFO:root:http://losangeles.craigslist.org/lac/roo/6058931847.html
INFO:root:http://sfbay.craigslist.org/sby/roo/6091097782.html
INFO:root:http://sfbay.craigslist.org/pen/roo/6091096628.html
INFO:root:http://losangeles.craigslist.org/wst/roo/6091098599.html
INFO:root:http://sfbay.craigslist.org/sby/roo/6091096231.html
INFO:root:http://losangeles.craigslist.org/wst/roo/6075524984.html
INFO:root:http://losangeles.craigslist.org/wst/roo/6091097674.html
INFO:root:http://sfbay.craigslist.org/pen/roo/6091095233.html
INFO:root:http://losangeles.craigslist.org/sgv/roo/6091097585.html
INFO:root:http://sfbay.craigslist.org/nby/roo/6091095125.html
INFO:root:http://losangeles.craigslist.org/wst/roo/6091097477.html
INFO:root:http://losangeles.craigslist.org/lgb/roo/6091079271.html
INFO:root:http://losangeles.craigslist.org/lac/roo/6091095763.html
INFO:root:http://losangeles.craigslist.org/lgb/roo/6091079415.html
INFO:root:http://losangeles.craigslist.org/wst/roo/6088473891.html
INFO:root:http://sfbay.craigslist.org/sfc/roo/6088293952.html
INFO:root:http://losangeles.craigslist.org/wst/roo/6088472271.html
INFO:root:http://sfbay.craigslist.org/sby/roo/6091092779.html
INFO:root:http://losangeles.craigslist.org/lac/roo/6060126239.html
INFO:root:http://sfbay.craigslist.org/sby/roo/6091085032.html
INFO:root:http://losangeles.craigslist.org/wst/roo/6091094352.html
INFO:root:http://sfbay.craigslist.org/pen/roo/6076200753.html
INFO:root:http://losangeles.craigslist.org/wst/roo/6082910766.html
INFO:root:http://sfbay.craigslist.org/sfc/roo/6091083424.html
INFO:root:http://losangeles.craigslist.org/lac/roo/6091078078.html
INFO:root:http://sfbay.craigslist.org/eby/roo/6086105841.html
INFO:root:http://losangeles.craigslist.org/lac/roo/6091084616.html
INFO:root:http://sfbay.craigslist.org/sby/roo/6091090980.html
INFO:root:http://losangeles.craigslist.org/lac/roo/6091075099.html
INFO:root:http://sfbay.craigslist.org/sby/roo/6091088577.html
INFO:root:http://losangeles.craigslist.org/sfv/roo/6091084216.html
INFO:root:http://losangeles.craigslist.org/wst/roo/6091073426.html
INFO:root:http://sfbay.craigslist.org/sby/roo/6091082588.html
INFO:root:http://losangeles.craigslist.org/sfv/roo/6079057229.html
INFO:root:http://sfbay.craigslist.org/sfc/roo/6091082506.html
INFO:root:http://losangeles.craigslist.org/lgb/roo/6091087654.html
INFO:root:http://losangeles.craigslist.org/lac/roo/6066423698.html
INFO:root:http://sfbay.craigslist.org/pen/roo/6091077163.html
INFO:root:http://losangeles.craigslist.org/lac/roo/6088001382.html
INFO:root:http://sfbay.craigslist.org/sfc/roo/6091081497.html
INFO:root:http://sfbay.craigslist.org/sby/roo/6091080524.html
INFO:root:http://sfbay.craigslist.org/pen/roo/6082774867.html
WARNING:root:IndexError: list index out of range. Probably no beds/sqft info
INFO:root:http://sfbay.craigslist.org/pen/roo/6080980838.html
INFO:root:http://losangeles.craigslist.org/lac/roo/6088003437.html
INFO:root:REACHED TIMESTAMP CUTOFF
INFO:root:http://losangeles.craigslist.org/lac/roo/6088004627.html
INFO:root:FAILED TO WRITE 0.0% OF SFBAY PIDS:
INFO:root:http://losangeles.craigslist.org/lac/roo/6072905028.html
INFO:root:http://losangeles.craigslist.org/wst/roo/6091083081.html
INFO:root:http://losangeles.craigslist.org/lac/roo/6091064365.html
INFO:root:http://losangeles.craigslist.org/lac/roo/6091072000.html
INFO:root:http://losangeles.craigslist.org/sgv/roo/6087446665.html
INFO:root:http://losangeles.craigslist.org/sfv/roo/6091080290.html
INFO:root:http://losangeles.craigslist.org/lac/roo/6091070414.html
WARNING:root:ReadTimeout: HTTPSConnectionPool(host='losangeles.craigslist.org', port=443): Read timed out. (read timeout=30). Probably no beds/sqft info
INFO:root:REACHED TIMESTAMP CUTOFF
INFO:root:FAILED TO WRITE 0.0% OF LOSANGELES PIDS:
