INFO:root:BEGINNING NEW REGION
INFO:root:http://sfbay.craigslist.org/search/roo
INFO:root:BEGINNING NEW REGION
INFO:root:http://losangeles.craigslist.org/search/roo
INFO:root:http://sfbay.craigslist.org/eby/roo/6091147909.html
INFO:root:http://losangeles.craigslist.org/lac/roo/6083423960.html
INFO:root:http://sfbay.craigslist.org/pen/roo/6086004764.html
INFO:root:http://losangeles.craigslist.org/lac/roo/6077376635.html
INFO:root:http://losangeles.craigslist.org/sgv/roo/6091153133.html
INFO:root:http://sfbay.craigslist.org/sfc/roo/6064074841.html
INFO:root:http://sfbay.craigslist.org/eby/roo/6076251698.html
INFO:root:http://sfbay.craigslist.org/sby/roo/6091146619.html
INFO:root:http://losangeles.craigslist.org/wst/roo/6088515115.html
INFO:root:http://sfbay.craigslist.org/pen/roo/6091146230.html
INFO:root:http://sfbay.craigslist.org/sfc/roo/6091134732.html
INFO:root:http://losangeles.craigslist.org/sfv/roo/6091144581.html
INFO:root:http://sfbay.craigslist.org/sby/roo/6063316133.html
INFO:root:http://losangeles.craigslist.org/lac/roo/6091143915.html
INFO:root:http://sfbay.craigslist.org/pen/roo/6091132481.html
INFO:root:http://losangeles.craigslist.org/lgb/roo/6091142454.html
INFO:root:http://sfbay.craigslist.org/pen/roo/6091137949.html
INFO:root:http://losangeles.craigslist.org/sfv/roo/6082294418.html
INFO:root:http://sfbay.craigslist.org/nby/roo/6077280851.html
INFO:root:http://losangeles.craigslist.org/lac/roo/6072746651.html
INFO:root:http://sfbay.craigslist.org/eby/roo/6088327909.html
INFO:root:http://sfbay.craigslist.org/sfc/roo/6091142577.html
INFO:root:http://sfbay.craigslist.org/sby/roo/6091134530.html
INFO:root:http://sfbay.craigslist.org/nby/roo/6060637668.html
INFO:root:http://sfbay.craigslist.org/nby/roo/6083414384.html
INFO:root:http://losangeles.craigslist.org/lac/roo/6065456137.html
INFO:root:http://sfbay.craigslist.org/eby/roo/6091140461.html
INFO:root:http://losangeles.craigslist.org/sgv/roo/6065705658.html
INFO:root:http://sfbay.craigslist.org/pen/roo/6091123899.html
INFO:root:http://losangeles.craigslist.org/sgv/roo/6091111763.html
INFO:root:http://sfbay.craigslist.org/sfc/roo/6087395904.html
INFO:root:http://losangeles.craigslist.org/lac/roo/6084283494.html
INFO:root:http://losangeles.craigslist.org/wst/roo/6091121230.html
INFO:root:http://sfbay.craigslist.org/eby/roo/6091137087.html
INFO:root:http://sfbay.craigslist.org/eby/roo/6091136586.html
INFO:root:http://losangeles.craigslist.org/lac/roo/6091122091.html
INFO:root:http://sfbay.craigslist.org/sfc/roo/6091131876.html
INFO:root:http://losangeles.craigslist.org/wst/roo/6091131217.html
INFO:root:http://sfbay.craigslist.org/eby/roo/6076181978.html
INFO:root:http://losangeles.craigslist.org/wst/roo/6091131043.html
INFO:root:http://sfbay.craigslist.org/nby/roo/6091128837.html
INFO:root:http://losangeles.craigslist.org/sfv/roo/6091130975.html
INFO:root:http://sfbay.craigslist.org/sby/roo/6091135969.html
INFO:root:http://losangeles.craigslist.org/wst/roo/6091129974.html
INFO:root:http://sfbay.craigslist.org/sby/roo/6091135447.html
INFO:root:http://losangeles.craigslist.org/wst/roo/6088187233.html
INFO:root:http://sfbay.craigslist.org/sfc/roo/6091122954.html
INFO:root:http://sfbay.craigslist.org/eby/roo/6091122707.html
INFO:root:http://losangeles.craigslist.org/sfv/roo/6091122196.html
INFO:root:http://sfbay.craigslist.org/sfc/roo/6088514316.html
INFO:root:http://sfbay.craigslist.org/sfc/roo/6091132150.html
INFO:root:http://losangeles.craigslist.org/lac/roo/6091117138.html
INFO:root:http://losangeles.craigslist.org/sfv/roo/6081061535.html
INFO:root:http://losangeles.craigslist.org/lac/roo/6091127534.html
INFO:root:http://sfbay.craigslist.org/pen/roo/6091123119.html
INFO:root:http://sfbay.craigslist.org/eby/roo/6091130198.html
INFO:root:http://sfbay.craigslist.org/eby/roo/6091129968.html
INFO:root:http://losangeles.craigslist.org/sfv/roo/6078149434.html
INFO:root:http://losangeles.craigslist.org/lac/roo/6072660786.html
INFO:root:http://sfbay.craigslist.org/pen/roo/6091115738.html
INFO:root:http://losangeles.craigslist.org/sgv/roo/6091124909.html
INFO:root:http://losangeles.craigslist.org/sfv/roo/6081507908.html
INFO:root:http://losangeles.craigslist.org/sfv/roo/6065836587.html
INFO:root:http://sfbay.craigslist.org/eby/roo/6091129755.html
INFO:root:http://losangeles.craigslist.org/wst/roo/6087155367.html
INFO:root:http://sfbay.craigslist.org/eby/roo/6091129393.html
INFO:root:http://losangeles.craigslist.org/sgv/roo/6091115281.html
INFO:root:http://sfbay.craigslist.org/eby/roo/6091129252.html
INFO:root:http://losangeles.craigslist.org/sfv/roo/6082635772.html
INFO:root:http://sfbay.craigslist.org/sby/roo/6088733018.html
INFO:root:http://losangeles.craigslist.org/sfv/roo/6072436980.html
INFO:root:http://sfbay.craigslist.org/sby/roo/6091128534.html
INFO:root:http://sfbay.craigslist.org/sfc/roo/6087613388.html
INFO:root:http://sfbay.craigslist.org/sfc/roo/6091117136.html
INFO:root:http://losangeles.craigslist.org/lac/roo/6088662457.html
INFO:root:http://sfbay.craigslist.org/eby/roo/6091126778.html
INFO:root:http://losangeles.craigslist.org/ant/roo/6091117329.html
INFO:root:http://sfbay.craigslist.org/sby/roo/6091126243.html
INFO:root:http://losangeles.craigslist.org/sgv/roo/6091117029.html
INFO:root:http://sfbay.craigslist.org/sby/roo/6091113601.html
WARNING:root:IndexError: list index out of range. Probably no beds/sqft info
INFO:root:http://losangeles.craigslist.org/wst/roo/6087167300.html
INFO:root:http://sfbay.craigslist.org/pen/roo/6081069939.html
INFO:root:http://losangeles.craigslist.org/lac/roo/6064628794.html
INFO:root:http://sfbay.craigslist.org/sby/roo/6062816059.html
INFO:root:http://losangeles.craigslist.org/sgv/roo/6091114741.html
INFO:root:http://sfbay.craigslist.org/sfc/roo/6058523779.html
INFO:root:http://losangeles.craigslist.org/lac/roo/6091042477.html
INFO:root:http://losangeles.craigslist.org/sgv/roo/6091114452.html
INFO:root:http://sfbay.craigslist.org/sby/roo/6091111022.html
INFO:root:http://sfbay.craigslist.org/sby/roo/6087609921.html
INFO:root:http://losangeles.craigslist.org/sgv/roo/6091114061.html
INFO:root:http://sfbay.craigslist.org/eby/roo/6091119562.html
INFO:root:http://losangeles.craigslist.org/wst/roo/6091099613.html
INFO:root:http://sfbay.craigslist.org/sfc/roo/6086248469.html
INFO:root:REACHED TIMESTAMP CUTOFF
INFO:root:FAILED TO WRITE 0.0% OF LOSANGELES PIDS:
INFO:root:http://sfbay.craigslist.org/sfc/roo/6091119392.html
INFO:root:http://sfbay.craigslist.org/eby/roo/6085351858.html
INFO:root:http://sfbay.craigslist.org/eby/roo/6085312541.html
INFO:root:http://sfbay.craigslist.org/sfc/roo/6091111742.html
INFO:root:http://sfbay.craigslist.org/eby/roo/6091117123.html
INFO:root:http://sfbay.craigslist.org/sby/roo/6054195689.html
INFO:root:http://sfbay.craigslist.org/sfc/roo/6091116822.html
INFO:root:http://sfbay.craigslist.org/sby/roo/6091104438.html
INFO:root:http://sfbay.craigslist.org/pen/roo/6091115963.html
INFO:root:http://sfbay.craigslist.org/sby/roo/6091115524.html
INFO:root:http://sfbay.craigslist.org/sfc/roo/6077004963.html
INFO:root:http://sfbay.craigslist.org/sfc/roo/6074866995.html
INFO:root:http://sfbay.craigslist.org/sfc/roo/6091104202.html
INFO:root:http://sfbay.craigslist.org/sby/roo/6074867113.html
INFO:root:http://sfbay.craigslist.org/eby/roo/6091115261.html
INFO:root:http://sfbay.craigslist.org/nby/roo/6091115216.html
INFO:root:http://sfbay.craigslist.org/eby/roo/6091115087.html
INFO:root:http://sfbay.craigslist.org/eby/roo/6091114865.html
INFO:root:http://sfbay.craigslist.org/eby/roo/6077729048.html
INFO:root:http://sfbay.craigslist.org/eby/roo/6091114697.html
INFO:root:http://sfbay.craigslist.org/sfc/roo/6076980350.html
INFO:root:http://sfbay.craigslist.org/sfc/roo/6076987175.html
INFO:root:http://sfbay.craigslist.org/sfc/roo/6074870331.html
INFO:root:http://sfbay.craigslist.org/sfc/roo/6074868530.html
INFO:root:http://sfbay.craigslist.org/eby/roo/6087703286.html
INFO:root:REACHED TIMESTAMP CUTOFF
INFO:root:FAILED TO WRITE 0.0% OF SFBAY PIDS:
